2023/10/07 21:52:29 The App is running in development env

 ┌───────────────────────────────────────────────────┐ 
 │                   Fiber v2.49.2                   │ 
 │               http://127.0.0.1:4000               │ 
 │       (bound on host 0.0.0.0 and port 4000)       │ 
 │                                                   │ 
 │ Handlers ............ 11  Processes ........... 1 │ 
 │ Prefork ....... Disabled  PID ............. 90920 │ 
 └───────────────────────────────────────────────────┘ 

2023/10/07 21:53:12 The App is running in development env

 ┌───────────────────────────────────────────────────┐ 
 │                   Fiber v2.49.2                   │ 
 │               http://127.0.0.1:4000               │ 
 │       (bound on host 0.0.0.0 and port 4000)       │ 
 │                                                   │ 
 │ Handlers ............ 11  Processes ........... 1 │ 
 │ Prefork ....... Disabled  PID ............. 91219 │ 
 └───────────────────────────────────────────────────┘ 

2023/10/07 21:54:13 The App is running in development env

 ┌───────────────────────────────────────────────────┐ 
 │                   Fiber v2.49.2                   │ 
 │               http://127.0.0.1:4000               │ 
 │       (bound on host 0.0.0.0 and port 4000)       │ 
 │                                                   │ 
 │ Handlers ............ 11  Processes ........... 1 │ 
 │ Prefork ....... Disabled  PID ............. 91607 │ 
 └───────────────────────────────────────────────────┘ 

